File created on 23/07/2023 at 22:52:06.409

[23/07/2023 - 22:52:10.168 INFO] (<root>zone-telechargement-api\index.js:92:20): ✔ Successfully loaded command ping
[23/07/2023 - 22:52:38.828 INFO] (<root>zone-telechargement-api\index.js:91:20): ✔ Successfully loaded command ping
[23/07/2023 - 22:52:41.125 DEBUG] (<root>zone-telechargement-api\server.js:187:16): [Web] GET -> /
[23/07/2023 - 22:52:41.735 DEBUG] (<root>zone-telechargement-api\server.js:187:16): [Web] GET -> /favicon.ico
[23/07/2023 - 22:52:44.495 DEBUG] (<root>zone-telechargement-api\server.js:187:16): [Web] GET -> /zergf
[23/07/2023 - 22:52:44.705 DEBUG] (<root>zone-telechargement-api\server.js:187:16): [Web] GET -> /favicon.ico
[23/07/2023 - 22:52:49.577 DEBUG] (<root>zone-telechargement-api\server.js:187:16): [Web] GET -> /zergf
[23/07/2023 - 22:52:49.856 DEBUG] (<root>zone-telechargement-api\server.js:187:16): [Web] GET -> /favicon.ico
[23/07/2023 - 22:52:49.937 DEBUG] (<root>zone-telechargement-api\server.js:187:16): [Web] GET -> /favicon.ico
[23/07/2023 - 22:52:50.684 DEBUG] (<root>zone-telechargement-api\server.js:187:16): [Web] GET -> /zergf
[23/07/2023 - 22:52:51.138 DEBUG] (<root>zone-telechargement-api\server.js:187:16): [Web] GET -> /favicon.ico
[23/07/2023 - 22:52:51.318 DEBUG] (<root>zone-telechargement-api\server.js:187:16): [Web] GET -> /favicon.ico
[23/07/2023 - 22:52:51.792 DEBUG] (<root>zone-telechargement-api\server.js:187:16): [Web] GET -> /zergf
[23/07/2023 - 22:52:52.032 DEBUG] (<root>zone-telechargement-api\server.js:187:16): [Web] GET -> /favicon.ico
[23/07/2023 - 22:52:52.247 DEBUG] (<root>zone-telechargement-api\server.js:187:16): [Web] GET -> /favicon.ico
[23/07/2023 - 22:52:56.238 DEBUG] (<root>zone-telechargement-api\server.js:187:16): [Web] GET -> /zergf
[23/07/2023 - 22:52:56.585 DEBUG] (<root>zone-telechargement-api\server.js:187:16): [Web] GET -> /favicon.ico
[23/07/2023 - 22:52:56.698 DEBUG] (<root>zone-telechargement-api\server.js:187:16): [Web] GET -> /favicon.ico
[23/07/2023 - 22:53:57.408 DEBUG] (<root>zone-telechargement-api\server.js:187:16): [Web] GET -> /zergf
[23/07/2023 - 22:53:58.210 DEBUG] (<root>zone-telechargement-api\server.js:187:16): [Web] GET -> /favicon.ico
[23/07/2023 - 22:53:58.881 DEBUG] (<root>zone-telechargement-api\server.js:187:16): [Web] GET -> /favicon.ico
[23/07/2023 - 22:54:54.071 DEBUG] (<root>zone-telechargement-api\server.js:187:16): [Web] GET -> /zergf
[23/07/2023 - 22:54:54.474 DEBUG] (<root>zone-telechargement-api\server.js:187:16): [Web] GET -> /favicon.ico
[23/07/2023 - 22:54:54.601 DEBUG] (<root>zone-telechargement-api\server.js:187:16): [Web] GET -> /favicon.ico
[23/07/2023 - 22:55:03.765 DEBUG] (<root>zone-telechargement-api\server.js:187:16): [Web] GET -> /zergf
[23/07/2023 - 22:55:04.149 DEBUG] (<root>zone-telechargement-api\server.js:187:16): [Web] GET -> /favicon.ico
[23/07/2023 - 22:55:04.235 DEBUG] (<root>zone-telechargement-api\server.js:187:16): [Web] GET -> /favicon.ico
[23/07/2023 - 22:55:11.262 DEBUG] (<root>zone-telechargement-api\server.js:187:16): [Web] GET -> /zergf
[23/07/2023 - 22:55:11.666 DEBUG] (<root>zone-telechargement-api\server.js:187:16): [Web] GET -> /favicon.ico
[23/07/2023 - 22:55:11.812 DEBUG] (<root>zone-telechargement-api\server.js:187:16): [Web] GET -> /favicon.ico
[23/07/2023 - 22:55:12.305 DEBUG] (<root>zone-telechargement-api\server.js:187:16): [Web] GET -> /zergf
[23/07/2023 - 22:55:12.544 DEBUG] (<root>zone-telechargement-api\server.js:187:16): [Web] GET -> /favicon.ico
[23/07/2023 - 22:55:12.648 DEBUG] (<root>zone-telechargement-api\server.js:187:16): [Web] GET -> /favicon.ico
[23/07/2023 - 22:55:14.293 DEBUG] (<root>zone-telechargement-api\server.js:187:16): [Web] GET -> /zergf
[23/07/2023 - 22:55:14.562 DEBUG] (<root>zone-telechargement-api\server.js:187:16): [Web] GET -> /favicon.ico
[23/07/2023 - 22:55:14.685 DEBUG] (<root>zone-telechargement-api\server.js:187:16): [Web] GET -> /favicon.ico
[23/07/2023 - 22:55:15.074 DEBUG] (<root>zone-telechargement-api\server.js:187:16): [Web] GET -> /zergf
[23/07/2023 - 22:55:15.377 DEBUG] (<root>zone-telechargement-api\server.js:187:16): [Web] GET -> /favicon.ico
[23/07/2023 - 22:55:15.487 DEBUG] (<root>zone-telechargement-api\server.js:187:16): [Web] GET -> /favicon.ico
[23/07/2023 - 22:55:24.762 DEBUG] (<root>zone-telechargement-api\server.js:187:16): [Web] GET -> /zergf
[23/07/2023 - 22:55:25.099 DEBUG] (<root>zone-telechargement-api\server.js:187:16): [Web] GET -> /favicon.ico
[23/07/2023 - 22:55:25.199 DEBUG] (<root>zone-telechargement-api\server.js:187:16): [Web] GET -> /favicon.ico
[23/07/2023 - 22:55:26.138 DEBUG] (<root>zone-telechargement-api\server.js:187:16): [Web] GET -> /zergf
[23/07/2023 - 22:55:26.500 DEBUG] (<root>zone-telechargement-api\server.js:187:16): [Web] GET -> /favicon.ico
[23/07/2023 - 22:55:26.740 DEBUG] (<root>zone-telechargement-api\server.js:187:16): [Web] GET -> /favicon.ico
[23/07/2023 - 22:55:27.697 DEBUG] (<root>zone-telechargement-api\server.js:187:16): [Web] GET -> /zergf
[23/07/2023 - 22:55:28.113 DEBUG] (<root>zone-telechargement-api\server.js:187:16): [Web] GET -> /favicon.ico
[23/07/2023 - 22:55:28.197 DEBUG] (<root>zone-telechargement-api\server.js:187:16): [Web] GET -> /favicon.ico
[23/07/2023 - 22:55:33.560 DEBUG] (<root>zone-telechargement-api\server.js:187:16): [Web] GET -> /zergf
[23/07/2023 - 22:55:33.860 DEBUG] (<root>zone-telechargement-api\server.js:187:16): [Web] GET -> /favicon.ico
[23/07/2023 - 22:55:33.997 DEBUG] (<root>zone-telechargement-api\server.js:187:16): [Web] GET -> /favicon.ico
[23/07/2023 - 22:55:34.636 DEBUG] (<root>zone-telechargement-api\server.js:187:16): [Web] GET -> /zergf
[23/07/2023 - 22:55:34.902 DEBUG] (<root>zone-telechargement-api\server.js:187:16): [Web] GET -> /favicon.ico
[23/07/2023 - 22:55:35.016 DEBUG] (<root>zone-telechargement-api\server.js:187:16): [Web] GET -> /favicon.ico
[23/07/2023 - 22:56:06.149 DEBUG] (<root>zone-telechargement-api\server.js:187:16): [Web] GET -> /zergf
[23/07/2023 - 22:56:06.487 DEBUG] (<root>zone-telechargement-api\server.js:187:16): [Web] GET -> /favicon.ico
[23/07/2023 - 22:56:06.574 DEBUG] (<root>zone-telechargement-api\server.js:187:16): [Web] GET -> /favicon.ico
[23/07/2023 - 22:56:19.387 DEBUG] (<root>zone-telechargement-api\server.js:187:16): [Web] GET -> /zergf
[23/07/2023 - 22:56:19.678 DEBUG] (<root>zone-telechargement-api\server.js:187:16): [Web] GET -> /favicon.ico
[23/07/2023 - 22:56:19.810 DEBUG] (<root>zone-telechargement-api\server.js:187:16): [Web] GET -> /favicon.ico
[23/07/2023 - 22:56:46.393 DEBUG] (<root>zone-telechargement-api\server.js:187:16): [Web] GET -> /zergf
[23/07/2023 - 22:56:46.632 DEBUG] (<root>zone-telechargement-api\server.js:187:16): [Web] GET -> /favicon.ico
[23/07/2023 - 22:56:46.744 DEBUG] (<root>zone-telechargement-api\server.js:187:16): [Web] GET -> /favicon.ico
[23/07/2023 - 22:56:56.609 DEBUG] (<root>zone-telechargement-api\server.js:187:16): [Web] GET -> /zergf
[23/07/2023 - 22:56:56.890 DEBUG] (<root>zone-telechargement-api\server.js:187:16): [Web] GET -> /favicon.ico
[23/07/2023 - 22:56:57.030 DEBUG] (<root>zone-telechargement-api\server.js:187:16): [Web] GET -> /favicon.ico
[23/07/2023 - 22:57:16.019 DEBUG] (<root>zone-telechargement-api\server.js:187:16): [Web] GET -> /zergf
[23/07/2023 - 22:57:16.286 DEBUG] (<root>zone-telechargement-api\server.js:187:16): [Web] GET -> /favicon.ico
[23/07/2023 - 22:57:16.424 DEBUG] (<root>zone-telechargement-api\server.js:187:16): [Web] GET -> /favicon.ico
[23/07/2023 - 22:57:19.265 DEBUG] (<root>zone-telechargement-api\server.js:187:16): [Web] GET -> /zergf
[23/07/2023 - 22:57:19.627 DEBUG] (<root>zone-telechargement-api\server.js:187:16): [Web] GET -> /favicon.ico
[23/07/2023 - 22:57:19.793 DEBUG] (<root>zone-telechargement-api\server.js:187:16): [Web] GET -> /favicon.ico
[23/07/2023 - 22:57:20.274 DEBUG] (<root>zone-telechargement-api\server.js:187:16): [Web] GET -> /zergf
[23/07/2023 - 22:57:20.510 DEBUG] (<root>zone-telechargement-api\server.js:187:16): [Web] GET -> /favicon.ico
[23/07/2023 - 22:57:20.617 DEBUG] (<root>zone-telechargement-api\server.js:187:16): [Web] GET -> /favicon.ico
[23/07/2023 - 22:57:22.532 DEBUG] (<root>zone-telechargement-api\server.js:187:16): [Web] GET -> /zergf
[23/07/2023 - 22:57:22.841 DEBUG] (<root>zone-telechargement-api\server.js:187:16): [Web] GET -> /favicon.ico
[23/07/2023 - 22:57:22.971 DEBUG] (<root>zone-telechargement-api\server.js:187:16): [Web] GET -> /favicon.ico
[23/07/2023 - 23:00:04.881 DEBUG] (<root>zone-telechargement-api\server.js:187:16): [Web] GET -> /
[23/07/2023 - 23:00:05.303 DEBUG] (<root>zone-telechargement-api\server.js:187:16): [Web] GET -> /favicon.ico
[23/07/2023 - 23:00:07.736 DEBUG] (<root>zone-telechargement-api\server.js:187:16): [Web] GET -> /docs
[23/07/2023 - 23:00:07.783 DEBUG] (<root>zone-telechargement-api\server.js:187:16): [Web] GET -> /res/js/documentation.js
[23/07/2023 - 23:01:25.758 DEBUG] (<root>zone-telechargement-api\server.js:187:16): [Web] GET -> /docs
[23/07/2023 - 23:01:26.172 DEBUG] (<root>zone-telechargement-api\server.js:187:16): [Web] GET -> /favicon.ico
[23/07/2023 - 23:02:52.710 DEBUG] (<root>zone-telechargement-api\server.js:187:16): [Web] GET -> /docs
[23/07/2023 - 23:02:53.072 DEBUG] (<root>zone-telechargement-api\server.js:187:16): [Web] GET -> /favicon.ico
[23/07/2023 - 23:20:24.564 DEBUG] (<root>zone-telechargement-api\server.js:187:16): [Web] GET -> /docs
[23/07/2023 - 23:20:25.135 DEBUG] (<root>zone-telechargement-api\server.js:187:16): [Web] GET -> /favicon.ico
[23/07/2023 - 23:21:10.977 DEBUG] (<root>zone-telechargement-api\server.js:187:16): [Web] GET -> /docs
[23/07/2023 - 23:21:11.340 DEBUG] (<root>zone-telechargement-api\server.js:187:16): [Web] GET -> /favicon.ico
[23/07/2023 - 23:23:29.732 DEBUG] (<root>zone-telechargement-api\server.js:187:16): [Web] GET -> /docs
[23/07/2023 - 23:23:30.134 DEBUG] (<root>zone-telechargement-api\server.js:187:16): [Web] GET -> /favicon.ico
[23/07/2023 - 23:23:49.617 DEBUG] (<root>zone-telechargement-api\server.js:187:16): [Web] GET -> /docs
[23/07/2023 - 23:23:49.977 DEBUG] (<root>zone-telechargement-api\server.js:187:16): [Web] GET -> /favicon.ico
[23/07/2023 - 23:30:11.473 DEBUG] (<root>zone-telechargement-api\server.js:187:16): [Web] GET -> /docs
[23/07/2023 - 23:30:12.122 DEBUG] (<root>zone-telechargement-api\server.js:187:16): [Web] GET -> /favicon.ico
[23/07/2023 - 23:30:27.206 DEBUG] (<root>zone-telechargement-api\server.js:187:16): [Web] GET -> /docs
[23/07/2023 - 23:30:27.509 DEBUG] (<root>zone-telechargement-api\server.js:187:16): [Web] GET -> /favicon.ico
[23/07/2023 - 23:30:36.396 DEBUG] (<root>zone-telechargement-api\server.js:187:16): [Web] GET -> /docs
[23/07/2023 - 23:30:36.791 DEBUG] (<root>zone-telechargement-api\server.js:187:16): [Web] GET -> /favicon.ico
[23/07/2023 - 23:30:37.231 DEBUG] (<root>zone-telechargement-api\server.js:187:16): [Web] GET -> /docs
[23/07/2023 - 23:30:37.562 DEBUG] (<root>zone-telechargement-api\server.js:187:16): [Web] GET -> /favicon.ico
[23/07/2023 - 23:30:42.483 DEBUG] (<root>zone-telechargement-api\server.js:187:16): [Web] GET -> /docs
[23/07/2023 - 23:30:42.833 DEBUG] (<root>zone-telechargement-api\server.js:187:16): [Web] GET -> /favicon.ico
[23/07/2023 - 23:34:18.511 DEBUG] (<root>zone-telechargement-api\server.js:187:16): [Web] GET -> /docs
[23/07/2023 - 23:34:18.842 DEBUG] (<root>zone-telechargement-api\server.js:187:16): [Web] GET -> /favicon.ico
[23/07/2023 - 23:35:52.519 DEBUG] (<root>zone-telechargement-api\server.js:187:16): [Web] GET -> /docs
[23/07/2023 - 23:35:52.899 DEBUG] (<root>zone-telechargement-api\server.js:187:16): [Web] GET -> /favicon.ico
[23/07/2023 - 23:36:40.507 DEBUG] (<root>zone-telechargement-api\server.js:187:16): [Web] GET -> /docs
[23/07/2023 - 23:36:40.906 DEBUG] (<root>zone-telechargement-api\server.js:187:16): [Web] GET -> /favicon.ico
[23/07/2023 - 23:36:54.259 DEBUG] (<root>zone-telechargement-api\server.js:187:16): [Web] GET -> /docs
[23/07/2023 - 23:36:54.528 DEBUG] (<root>zone-telechargement-api\server.js:187:16): [Web] GET -> /favicon.ico
[23/07/2023 - 23:40:10.310 DEBUG] (<root>zone-telechargement-api\server.js:187:16): [Web] GET -> /api
[23/07/2023 - 23:40:10.597 DEBUG] (<root>zone-telechargement-api\server.js:187:16): [Web] GET -> /favicon.ico
[23/07/2023 - 23:41:16.595 DEBUG] (<root>zone-telechargement-api\server.js:187:16): [Web] GET -> /favicon.ico
[23/07/2023 - 23:41:51.725 DEBUG] (<root>zone-telechargement-api\server.js:187:16): [Web] GET -> /favicon.ico
[23/07/2023 - 23:41:52.947 DEBUG] (<root>zone-telechargement-api\server.js:187:16): [Web] GET -> /favicon.ico
[23/07/2023 - 23:42:11.298 INFO] (<root>zone-telechargement-api\index.js:91:20): ✔ Successfully loaded command ping
[23/07/2023 - 23:47:10.854 INFO] (<root>zone-telechargement-api\index.js:91:20): ✔ Successfully loaded command ping
[23/07/2023 - 23:47:32.798 INFO] (<root>zone-telechargement-api\index.js:91:20): ✔ Successfully loaded command ping
[23/07/2023 - 23:49:10.597 INFO] (<root>zone-telechargement-api\index.js:91:20): ✔ Successfully loaded command ping
[24/07/2023 - 01:39:59.535 INFO] (<root>zone-telechargement-api\index.js:91:20): ✔ Successfully loaded command ping
[24/07/2023 - 03:38:00.934 INFO] (<root>zone-telechargement-api\index.js:91:20): ✔ Successfully loaded command ping
[24/07/2023 - 23:14:37.913 INFO] (<root>zone-telechargement-api\index.js:91:20): ✔ Successfully loaded command ping
[24/07/2023 - 23:14:38.046 ERROR] (<root>zone-telechargement-api\server.js:164:20): SyntaxError: Unexpected token à in JSON at position 1
[24/07/2023 - 23:14:43.316 ERROR] (<root>zone-telechargement-api\server.js:164:20): SyntaxError: Unexpected token à in JSON at position 1
[24/07/2023 - 23:14:45.193 ERROR] (<root>zone-telechargement-api\server.js:164:20): SyntaxError: Unexpected token e in JSON at position 0
[24/07/2023 - 23:16:09.832 INFO] (<root>zone-telechargement-api\index.js:91:20): ✔ Successfully loaded command ping
[24/07/2023 - 23:17:40.989 INFO] (<root>zone-telechargement-api\index.js:91:20): ✔ Successfully loaded command ping
[24/07/2023 - 23:19:36.459 INFO] (<root>zone-telechargement-api\index.js:91:20): ✔ Successfully loaded command ping
[24/07/2023 - 23:21:32.585 INFO] (<root>zone-telechargement-api\index.js:91:20): ✔ Successfully loaded command ping
[24/07/2023 - 23:22:02.568 INFO] (<root>zone-telechargement-api\index.js:91:20): ✔ Successfully loaded command ping
[24/07/2023 - 23:22:53.173 INFO] (<root>zone-telechargement-api\index.js:91:20): ✔ Successfully loaded command ping
[24/07/2023 - 23:23:14.404 INFO] (<root>zone-telechargement-api\index.js:91:20): ✔ Successfully loaded command ping
[24/07/2023 - 23:23:42.006 INFO] (<root>zone-telechargement-api\index.js:91:20): ✔ Successfully loaded command ping
[24/07/2023 - 23:24:12.015 INFO] (<root>zone-telechargement-api\index.js:91:20): ✔ Successfully loaded command ping
[24/07/2023 - 23:24:46.584 INFO] (<root>zone-telechargement-api\index.js:91:20): ✔ Successfully loaded command ping
[24/07/2023 - 23:25:49.808 INFO] (<root>zone-telechargement-api\index.js:91:20): ✔ Successfully loaded command ping
[24/07/2023 - 23:26:10.769 INFO] (<root>zone-telechargement-api\index.js:91:20): ✔ Successfully loaded command ping
[24/07/2023 - 23:27:40.678 INFO] (<root>zone-telechargement-api\index.js:91:20): ✔ Successfully loaded command ping
[24/07/2023 - 23:27:55.008 INFO] (<root>zone-telechargement-api\index.js:91:20): ✔ Successfully loaded command ping
[24/07/2023 - 23:28:36.836 INFO] (<root>zone-telechargement-api\index.js:91:20): ✔ Successfully loaded command ping
[24/07/2023 - 23:30:07.923 ERROR] (<root>zone-telechargement-api\server.js:178:20): SyntaxError: Unexpected token e in JSON at position 0
[24/07/2023 - 23:30:43.330 INFO] (<root>zone-telechargement-api\index.js:91:20): ✔ Successfully loaded command ping
[24/07/2023 - 23:31:44.719 INFO] (<root>zone-telechargement-api\index.js:91:20): ✔ Successfully loaded command ping
[24/07/2023 - 23:32:28.240 INFO] (<root>zone-telechargement-api\index.js:91:20): ✔ Successfully loaded command ping
[24/07/2023 - 23:33:27.972 ERROR] (<root>zone-telechargement-api\server.js:170:20): SyntaxError: Unexpected token i in JSON at position 1
[24/07/2023 - 23:35:59.539 INFO] (<root>zone-telechargement-api\index.js:91:20): ✔ Successfully loaded command ping
[24/07/2023 - 23:36:11.895 ERROR] (<root>zone-telechargement-api\server.js:173:20): SyntaxError: Unexpected token i in JSON at position 1
[24/07/2023 - 23:36:59.947 INFO] (<root>zone-telechargement-api\index.js:91:20): ✔ Successfully loaded command ping
[24/07/2023 - 23:38:53.059 INFO] (<root>zone-telechargement-api\index.js:91:20): ✔ Successfully loaded command ping
[24/07/2023 - 23:39:18.317 INFO] (<root>zone-telechargement-api\index.js:91:20): ✔ Successfully loaded command ping
[24/07/2023 - 23:40:36.815 INFO] (<root>zone-telechargement-api\index.js:91:20): ✔ Successfully loaded command ping
[24/07/2023 - 23:41:30.172 INFO] (<root>zone-telechargement-api\index.js:91:20): ✔ Successfully loaded command ping
[24/07/2023 - 23:42:01.397 INFO] (<root>zone-telechargement-api\index.js:91:20): ✔ Successfully loaded command ping
[24/07/2023 - 23:42:31.313 INFO] (<root>zone-telechargement-api\index.js:91:20): ✔ Successfully loaded command ping
[24/07/2023 - 23:43:18.971 INFO] (<root>zone-telechargement-api\index.js:91:20): ✔ Successfully loaded command ping
[24/07/2023 - 23:44:10.473 INFO] (<root>zone-telechargement-api\index.js:91:20): ✔ Successfully loaded command ping
[24/07/2023 - 23:46:01.037 INFO] (<root>zone-telechargement-api\index.js:91:20): ✔ Successfully loaded command ping
[24/07/2023 - 23:47:53.816 INFO] (<root>zone-telechargement-api\index.js:91:20): ✔ Successfully loaded command ping
[24/07/2023 - 23:48:13.451 INFO] (<root>zone-telechargement-api\index.js:91:20): ✔ Successfully loaded command ping
[24/07/2023 - 23:59:19.670 INFO] (<root>zone-telechargement-api\index.js:91:20): ✔ Successfully loaded command ping
[25/07/2023 - 00:14:57.524 INFO] (<root>zone-telechargement-api\index.js:91:20): ✔ Successfully loaded command ping
